2022-07-14 19:20:51.844114 | info | Startup
2022-07-14 19:20:56.784221 | info | Compiling program at C:/Users/brunt/Downloads/PyCompiler/main.py
	Parameters:
	One file: True
	Show console: True
2022-07-14 19:21:05.337423 | info | Compiler output:
b''
2022-07-14 19:22:07.502859 | info | Startup
2022-07-14 19:22:45.958673 | info | Startup
2022-07-14 19:22:51.464339 | info | Compiling program at C:/Users/brunt/Downloads/PyCompiler/main.py
	Parameters:
	One file: True
	Show console: True
2022-07-14 19:24:02.734320 | info | Startup
2022-07-14 19:24:06.782567 | info | Compiling program at C:/Users/brunt/Downloads/PyCompiler/main.py
	Parameters:
	One file: True
	Show console: True
2022-07-14 19:38:43.982141 | info | Startup
2022-07-14 19:38:51.431229 | info | Compiling program at C:/Users/brunt/Downloads/PyCompiler/main.py
	Parameters:
	One file: True
	Show console: True
2022-07-14 19:39:32.865817 | info | Startup
2022-07-14 19:39:43.264371 | info | Compiling program at C:/Users/brunt/Downloads/PyCompiler/main.py
	Parameters:
	One file: True
	Show console: False
2022-07-14 19:44:19.787501 | info | Startup
2022-07-14 19:44:30.899576 | info | Startup
2022-07-14 19:45:17.971022 | info | Startup
2022-07-14 19:45:27.813522 | info | Startup
2022-07-14 19:45:48.106456 | info | Startup
2022-07-14 19:46:00.062517 | info | Startup
2022-07-14 19:46:48.058184 | info | Startup
2022-07-14 19:46:55.427125 | info | Startup
2022-07-14 19:47:00.466174 | info | Startup
2022-07-14 19:47:07.242663 | info | Startup
2022-07-14 19:47:33.923476 | info | Startup
2022-07-14 19:47:51.347878 | info | Startup
2022-07-14 19:48:31.347202 | info | Startup
2022-07-14 19:48:47.042692 | info | Startup
2022-07-14 19:51:39.171860 | info | Startup
2022-07-14 19:52:02.811383 | info | Startup
2022-07-14 19:56:45.650632 | info | Startup
2022-07-14 19:56:50.070310 | info | Compiling program at C:/Users/brunt/Downloads/PyCompiler/main.py
	Parameters:
	One file: True
	Show console: True
2022-07-14 19:59:04.752240 | info | Startup
2022-07-14 19:59:10.600017 | info | Compiling program at C:/Users/brunt/Downloads/PyCompiler/main.py
	Parameters:
	One file: True
	Show console: True
2022-07-14 20:00:19.294283 | info | Startup
2022-07-14 20:00:23.298177 | info | Compiling program at C:/Users/brunt/Downloads/PyCompiler/main.py
	Parameters:
	One file: True
	Show console: True
2022-07-14 20:02:17.672919 | info | Startup
2022-07-14 20:02:22.248578 | info | Compiling program at C:/Users/brunt/Downloads/PyCompiler/main.py
	Parameters:
	One file: True
	Show console: True
2022-07-14 20:05:35.939607 | info | Startup
2022-07-14 20:08:07.279134 | info | Startup
2022-07-14 20:08:56.383004 | info | Startup
2022-07-14 20:11:12.006425 | info | Startup
2022-07-14 20:11:31.016182 | info | Compiling program at C:/Users/brunt/Downloads/PyCompiler/main.py
	Parameters:
	One file: PY_VAR1
	Show console: PY_VAR0
2022-07-14 20:13:41.226570 | info | Startup
2022-07-14 20:13:47.851652 | info | Compiling program at C:/Users/brunt/Downloads/PyCompiler/main.py
	Parameters:
	One file: PY_VAR1
	Show console: PY_VAR0
2022-07-14 20:14:51.167651 | info | Compiling program at C:/Users/brunt/Downloads/PyCompiler/main.py
	Parameters:
	One file: PY_VAR1
	Show console: PY_VAR0
2022-07-14 20:16:35.272196 | info | Compiling program at C:/Users/brunt/Downloads/PyCompiler/main.py
	Parameters:
	One file: PY_VAR1
	Show console: PY_VAR0
2022-07-14 20:17:20.723398 | info | Startup
2022-07-14 20:17:38.192909 | info | Compiling program at C:/Users/brunt/Downloads/PyCompiler/main.py
	Parameters:
	One file: PY_VAR1
	Show console: PY_VAR0
2022-07-14 20:18:32.341863 | info | Startup
2022-07-14 20:18:39.690362 | info | Compiling program at C:/Users/brunt/Downloads/PyCompiler/main.py
	Parameters:
	One file: PY_VAR1
	Show console: PY_VAR0
2022-07-14 20:23:36.381975 | info | Startup
2022-07-14 20:23:41.622721 | info | Compiling program at C:/Users/brunt/Downloads/PyCompiler/main.py
	Parameters:
	One file: 1
	Show console: 0
2022-07-14 20:24:28.275879 | info | Startup
2022-07-14 20:25:24.722560 | info | Startup
2022-07-14 20:25:29.442171 | info | Compiling program at C:/Users/brunt/Downloads/PyCompiler/main.py
	Parameters:
	One file: 1
	Show console: 0
